<?xml version="1.0" encoding="UTF-8"?>
<testng-results skipped="0" failed="0" ignored="0" total="1" passed="1">
  <reporter-output>
  </reporter-output>
  <suite name="Default suite" duration-ms="492811" started-at="2019-04-08T14:17:00Z" finished-at="2019-04-08T14:25:13Z">
    <groups>
    </groups>
    <test name="Default test" duration-ms="492811" started-at="2019-04-08T14:17:00Z" finished-at="2019-04-08T14:25:13Z">
      <class name="com.shs.api.testCases.SettlementAPITestCases">
        <test-method status="PASS" signature="createPartOrder()[pri:0, instance:com.shs.api.testCases.SettlementAPITestCases@154a4bf]" name="createPartOrder" duration-ms="485090" started-at="2019-04-08T14:17:00Z" finished-at="2019-04-08T14:25:05Z">
          <reporter-output>
          </reporter-output>
        </test-method> <!-- createPartOrder -->
      </class> <!-- com.shs.api.testCases.SettlementAPITestCases -->
    </test> <!-- Default test -->
  </suite> <!-- Default suite -->
</testng-results>
